[debug] [2024-11-22T06:32:31.147Z] ----------------------------------------------------------------------
[debug] [2024-11-22T06:32:31.152Z] Command:       C:\Program Files\nodejs\node.exe C:\Program Files\nodejs\node_modules\firebase-tools\lib\bin\firebase.js apps:sdkconfig web 1:1079417593597:web:dc481ac89605a6fbaf6894 --json
[debug] [2024-11-22T06:32:31.153Z] CLI Version:   13.26.0
[debug] [2024-11-22T06:32:31.153Z] Platform:      win32
[debug] [2024-11-22T06:32:31.153Z] Node Version:  v20.18.0
[debug] [2024-11-22T06:32:31.154Z] Time:          Fri Nov 22 2024 12:02:31 GMT+0530 (India Standard Time)
[debug] [2024-11-22T06:32:31.154Z] ----------------------------------------------------------------------
[debug] 
[debug] [2024-11-22T06:32:31.307Z] Object "" in "firebase.json" has unknown property: {"additionalProperty":"flutter"}
[debug] [2024-11-22T06:32:31.311Z] > command requires scopes: ["email","openid","https://www.googleapis.com/auth/cloudplatformprojects.readonly","https://www.googleapis.com/auth/firebase","https://www.googleapis.com/auth/cloud-platform"]
[debug] [2024-11-22T06:32:31.311Z] > authorizing via signed-in user (methodicatechusa@gmail.com)
[debug] [2024-11-22T06:32:31.317Z] Checked if tokens are valid: true, expires at: 1732259336493
[debug] [2024-11-22T06:32:31.317Z] Checked if tokens are valid: true, expires at: 1732259336493
[debug] [2024-11-22T06:32:31.319Z] >>> [apiv2][query] GET https://firebase.googleapis.com/v1beta1/projects/-/webApps/1:1079417593597:web:dc481ac89605a6fbaf6894/config [none]
[debug] [2024-11-22T06:32:42.489Z] *** [apiv2] error from fetch(https://firebase.googleapis.com/v1beta1/projects/-/webApps/1:1079417593597:web:dc481ac89605a6fbaf6894/config, {"headers":{},"method":"GET","signal":{}}): FetchError: request to https://firebase.googleapis.com/v1beta1/projects/-/webApps/1:1079417593597:web:dc481ac89605a6fbaf6894/config failed, reason: getaddrinfo ENOTFOUND firebase.googleapis.com
[debug] [2024-11-22T06:32:42.490Z] Failed to make request to https://firebase.googleapis.com/v1beta1/projects/-/webApps/1:1079417593597:web:dc481ac89605a6fbaf6894/config
[debug] [2024-11-22T06:32:42.709Z] FirebaseError: Failed to make request to https://firebase.googleapis.com/v1beta1/projects/-/webApps/1:1079417593597:web:dc481ac89605a6fbaf6894/config
    at RetryOperation._fn (C:\Users\vidha\AppData\Roaming\nvm\v20.18.0\node_modules\firebase-tools\lib\apiv2.js:261:31)
    at process.processTicksAndRejections (node:internal/process/task_queues:95:5)
[error] 
[error] Error: Failed to get WEB app configuration. See firebase-debug.log for more info.
